"../../../../../UE4Panzer/Content/UI/PlayerUI_BP.uasset" 0
"../../../../../UE4Panzer/Content/panzer/PanzerPlayerControler.uasset" 1
"../../../../../UE4Panzer/Content/panzer/PlayerPanzerControler.uasset" 2
"../../../../../UE4Panzer/Content/PlayerPanzerControler.uasset" 3
"../../../../../UE4Panzer/Content/playerUI.uasset" 4
"../../../../../UE4Panzer/Content/panzer/JustRed.uasset" 5
"../../../../../UE4Panzer/Content/panzer/JustBlue.uasset" 6
"../../../Engine/Content/EditorBlueprintResources/StandardMacros.uasset" 7
"../../../../../UE4Panzer/Content/panzer/BouncingBall.uasset" 8
"../../../../../UE4Panzer/Content/StarterContent/Materials/M_Basic_Wall.uasset" 9
"../../../../../UE4Panzer/Content/StarterContent/Shapes/Shape_Sphere.uasset" 10
"../../../../../UE4Panzer/Content/panzer/Projectile_bp.uasset" 11
"../../../../../UE4Panzer/Content/StarterContent/Materials/M_Basic_Floor.uasset" 12
"../../../../../UE4Panzer/Content/StarterContent/Textures/T_MacroVariation.uasset" 13
"../../../../../UE4Panzer/Content/StarterContent/Textures/T_Tech_Hex_Tile_M.uasset" 14
"../../../../../UE4Panzer/Content/StarterContent/Textures/T_Tech_Hex_Tile_N.uasset" 15
"../../../../../UE4Panzer/Content/StarterContent/Materials/M_Tech_Hex_Tile_Pulse.uasset" 16
"../../../../../UE4Panzer/Content/StarterContent/Textures/T_Frame_M.uasset" 17
"../../../../../UE4Panzer/Content/StarterContent/Textures/T_Frame_N.uasset" 18
"../../../../../UE4Panzer/Content/StarterContent/Props/Materials/M_Frame.uasset" 19
"../../../../../UE4Panzer/Content/panzer/01_-_Default.uasset" 20
"../../../Engine/Content/Functions/Engine_MaterialFunctions01/Opacity/CameraDepthFade.uasset" 21
"../../../Engine/Content/EngineMaterials/T_Default_Material_Grid_M.uasset" 22
"../../../Engine/Content/EngineMaterials/T_Default_Material_Grid_N.uasset" 23
"../../../Engine/Content/EngineMaterials/WorldGridMaterial.uasset" 24
"../../../../../UE4Panzer/Content/StarterContent/Props/MaterialSphere.uasset" 25
"../../../../../UE4Panzer/Content/panzer/tank_fbx_Barrel.uasset" 26
"../../../../../UE4Panzer/Content/panzer/tank_fbx_Track.uasset" 27
"../../../../../UE4Panzer/Content/panzer/tank_fbx_Body.uasset" 28
"../../../../../UE4Panzer/Content/panzer/tank_fbx_Turret.uasset" 29
"../../../../../UE4Panzer/Content/panzer/Panzer_bp.uasset" 30
"../../../../../UE4Panzer/Content/panzer/p.uasset" 31
"../../../../../UE4Panzer/Content/panzer/tank_green.uasset" 32
"../../../../../UE4Panzer/Content/panzer/tank_fbx_Body_headlight.uasset" 33
"../../../../../UE4Panzer/Content/panzer/tank_fbx_Body_headlight_002.uasset" 34
"../../../../../UE4Panzer/Content/panzer/tank_fbx_Body_hull.uasset" 35
"../../../../../UE4Panzer/Content/panzer/tank_fbx_Body_Hull_V.uasset" 36
"../../../../../UE4Panzer/Content/panzer/tank_fbx_Body_oil_drum.uasset" 37
"../../../../../UE4Panzer/Content/panzer/tank_fbx_Body_track_guard.uasset" 38
"../../../../../UE4Panzer/Content/panzer/tank_fbx_Body_turret_neck.uasset" 39
"../../../../../UE4Panzer/Content/panzer/tank_fbx_Body_wheel.uasset" 40
"../../../../../UE4Panzer/Content/panzer/tank_fbx_Body_wheel_front.uasset" 41
"../../../../../UE4Panzer/Content/panzer/tank_fbx_Body_wheel_rear.uasset" 42
"../../../../../UE4Panzer/Content/panzer/track_001.uasset" 43
"../../../../../UE4Panzer/Content/panzer/tank_fbx_Track_track_001.uasset" 44
"../../../../../UE4Panzer/Content/panzer/tank_green_001.uasset" 45
"../../../../../UE4Panzer/Content/panzer/tank_fbx_Turret_Commanders_hatch_001.uasset" 46
"../../../../../UE4Panzer/Content/panzer/tank_fbx_Turret_gunner_sight_001.uasset" 47
"../../../../../UE4Panzer/Content/panzer/tank_fbx_Turret_headlight_004.uasset" 48
"../../../../../UE4Panzer/Content/panzer/tank_fbx_Turret_headlight_005.uasset" 49
"../../../../../UE4Panzer/Content/panzer/tank_fbx_Turret_turret_001.uasset" 50
"../../../../../UE4Panzer/Content/StarterContent/Architecture/Pillar_50x500.uasset" 51
"../../../../../UE4Panzer/Content/StarterContent/Architecture/Wall_400x300.uasset" 52
"../../../../../UE4Panzer/Content/StarterContent/Architecture/Wall_400x400.uasset" 53
"../../../../../UE4Panzer/Content/StarterContent/Architecture/Wall_Door_400x400.uasset" 54
"../../../../../UE4Panzer/Content/StarterContent/Architecture/Wall_Window_400x400.uasset" 55
"../../../../../UE4Panzer/Content/StarterContent/Audio/Collapse01.uasset" 56
"../../../../../UE4Panzer/Content/StarterContent/Audio/Collapse02.uasset" 57
"../../../../../UE4Panzer/Content/StarterContent/Audio/Explosion01.uasset" 58
"../../../../../UE4Panzer/Content/StarterContent/Audio/Explosion02.uasset" 59
"../../../../../UE4Panzer/Content/StarterContent/Audio/Fire01.uasset" 60
"../../../../../UE4Panzer/Content/StarterContent/Audio/Fire_Sparks01.uasset" 61
"../../../../../UE4Panzer/Content/StarterContent/Audio/Light01.uasset" 62
"../../../../../UE4Panzer/Content/StarterContent/Audio/Light01_Cue.uasset" 63
"../../../../../UE4Panzer/Content/StarterContent/Audio/Light02.uasset" 64
"../../../../../UE4Panzer/Content/StarterContent/Audio/Light02_Cue.uasset" 65
"../../../../../UE4Panzer/Content/StarterContent/Audio/Smoke01.uasset" 66
"../../../../../UE4Panzer/Content/StarterContent/Audio/Starter_Birds01.uasset" 67
"../../../../../UE4Panzer/Content/StarterContent/Audio/Starter_Music01.uasset" 68
"../../../../../UE4Panzer/Content/StarterContent/Audio/Starter_Wind05.uasset" 69
"../../../../../UE4Panzer/Content/StarterContent/Audio/Starter_Wind06.uasset" 70
"../../../../../UE4Panzer/Content/StarterContent/Audio/Steam01.uasset" 71
"../../../../../UE4Panzer/Content/StarterContent/Audio/Explosion_Cue.uasset" 72
"../../../../../UE4Panzer/Content/StarterContent/Textures/T_Burst_M.uasset" 73
"../../../../../UE4Panzer/Content/StarterContent/Particles/Materials/M_Burst.uasset" 74
"../../../../../UE4Panzer/Content/StarterContent/Textures/T_Explosion_SubUV.uasset" 75
"../../../../../UE4Panzer/Content/StarterContent/Particles/Materials/M_explosion_subUV.uasset" 76
"../../../../../UE4Panzer/Content/StarterContent/Particles/Materials/m_flare_01.uasset" 77
"../../../Engine/Content/Functions/Engine_MaterialFunctions01/Gradient/RadialGradient.uasset" 78
"../../../../../UE4Panzer/Content/StarterContent/Particles/Materials/M_radial_ramp.uasset" 79
"../../../../../UE4Panzer/Content/StarterContent/Textures/T_Smoke_SubUV.uasset" 80
"../../../../../UE4Panzer/Content/StarterContent/Textures/T_Smoke_Tiled_D.uasset" 81
"../../../../../UE4Panzer/Content/StarterContent/Particles/Materials/M_smoke_subUV.uasset" 82
"../../../../../UE4Panzer/Content/StarterContent/Particles/P_Explosion.uasset" 83
"../../../../../UE4Panzer/Content/StarterContent/Blueprints/Blueprint_Effect_Explosion.uasset" 84
"../../../../../UE4Panzer/Content/StarterContent/Maps/BattleGround.uasset" 85
"../../../../../UE4Panzer/Content/StarterContent/Maps/Minimal_Default.uasset" 86
"../../../../../UE4Panzer/Content/levels/BattleGround_BuiltData.uasset" 87
"../../../../../UE4Panzer/Content/StarterContent/Maps/Minimal_Default_BuiltData.uasset" 88
"../../../Engine/Content/EditorMeshes/ColorCalibrator/T_ColorGrid.uasset" 89
"../../../../../UE4Panzer/Content/StarterContent/Materials/M_ColorGrid_LowSpec.uasset" 90
"../../../../../UE4Panzer/Content/StarterContent/Textures/T_Bush_D.uasset" 91
"../../../../../UE4Panzer/Content/StarterContent/Textures/T_Bush_N.uasset" 92
"../../../../../UE4Panzer/Content/StarterContent/Props/Materials/M_Bush.uasset" 93
"../../../../../UE4Panzer/Content/StarterContent/Props/SM_Bush.uasset" 94
"../../../../../UE4Panzer/Content/StarterContent/Textures/T_Chair_M.uasset" 95
"../../../../../UE4Panzer/Content/StarterContent/Textures/T_Chair_N.uasset" 96
"../../../../../UE4Panzer/Content/StarterContent/Props/Materials/M_Chair.uasset" 97
"../../../../../UE4Panzer/Content/StarterContent/Props/SM_Couch.uasset" 98
"../../../../../UE4Panzer/Content/StarterContent/Materials/M_Glass.uasset" 99
"../../../../../UE4Panzer/Content/StarterContent/Textures/T_Door_M.uasset" 100
"../../../../../UE4Panzer/Content/StarterContent/Textures/T_Door_N.uasset" 101
"../../../../../UE4Panzer/Content/StarterContent/Props/Materials/M_Door.uasset" 102
"../../../../../UE4Panzer/Content/StarterContent/Props/SM_Door.uasset" 103
"../../../../../UE4Panzer/Content/StarterContent/Props/Materials/M_MaterialSphere.uasset" 104
"../../../../../UE4Panzer/Content/StarterContent/Props/Materials/M_MaterialSphere_Plain.uasset" 105
"../../../../../UE4Panzer/Content/StarterContent/Props/SM_MatPreviewMesh_02.uasset" 106
"../../../Engine/Content/Functions/Engine_MaterialFunctions02/Utility/BlendAngleCorrectedNormals.uasset" 107
"../../../../../UE4Panzer/Content/StarterContent/Textures/T_Detail_Rocky_N.uasset" 108
"../../../../../UE4Panzer/Content/StarterContent/Textures/T_Rock_Basalt_D.uasset" 109
"../../../../../UE4Panzer/Content/StarterContent/Textures/T_RockMesh_M.uasset" 110
"../../../../../UE4Panzer/Content/StarterContent/Textures/T_RockMesh_N.uasset" 111
"../../../../../UE4Panzer/Content/StarterContent/Props/Materials/M_Rock.uasset" 112
"../../../../../UE4Panzer/Content/StarterContent/Props/SM_Rock.uasset" 113
"../../../../../UE4Panzer/Content/StarterContent/Textures/T_Shelf_M.uasset" 114
"../../../../../UE4Panzer/Content/StarterContent/Textures/T_Shelf_N.uasset" 115
"../../../../../UE4Panzer/Content/StarterContent/Props/Materials/M_Shelf.uasset" 116
"../../../../../UE4Panzer/Content/StarterContent/Props/SM_Shelf.uasset" 117
"../../../../../UE4Panzer/Content/StarterContent/Props/SM_Stairs.uasset" 118
"../../../../../UE4Panzer/Content/StarterContent/Shapes/Shape_Cone.uasset" 119
"../../../../../UE4Panzer/Content/StarterContent/Shapes/Shape_Cylinder.uasset" 120
"../../../../../UE4Panzer/Content/StarterContent/Shapes/Shape_NarrowCapsule.uasset" 121
"../../../../../UE4Panzer/Content/StarterContent/Shapes/Shape_Pipe.uasset" 122
"../../../../../UE4Panzer/Content/StarterContent/Shapes/Shape_Pipe_180.uasset" 123
"../../../../../UE4Panzer/Content/StarterContent/Shapes/Shape_Pipe_90.uasset" 124
"../../../../../UE4Panzer/Content/StarterContent/Shapes/Shape_Plane.uasset" 125
"../../../../../UE4Panzer/Content/StarterContent/Shapes/Shape_Torus.uasset" 126
"../../../../../UE4Panzer/Content/StarterContent/Shapes/Shape_Trim.uasset" 127
"../../../../../UE4Panzer/Content/StarterContent/Shapes/Shape_Trim_90_In.uasset" 128
"../../../../../UE4Panzer/Content/StarterContent/Shapes/Shape_Trim_90_Out.uasset" 129
"../../../../../UE4Panzer/Content/StarterContent/Shapes/Shape_TriPyramid.uasset" 130
"../../../../../UE4Panzer/Content/StarterContent/Shapes/Shape_Tube.uasset" 131
"../../../../../UE4Panzer/Content/StarterContent/Shapes/Shape_Wedge_A.uasset" 132
"../../../../../UE4Panzer/Content/StarterContent/Shapes/Shape_Wedge_B.uasset" 133
"../../../../../UE4Panzer/Content/StarterContent/Shapes/Shape_WideCapsule.uasset" 134
"../../../Engine/Content/Animation/DefaultAnimCurveCompressionSettings.uasset" 135
"../../../Engine/Content/ArtTools/RenderToTexture/Meshes/S_1_Unit_Plane.uasset" 136
"../../../Engine/Content/BasicShapes/Plane.uasset" 137
"../../../Engine/Content/EngineMaterials/DefaultMaterial.uasset" 138
"../../../Engine/Content/BasicShapes/Sphere.uasset" 139
"../../../Engine/Content/EditorLandscapeResources/DataLayer.uasset" 140
"../../../Engine/Content/EditorMaterials/MAT_Groups_Toggle.uasset" 141
"../../../Engine/Content/EditorMaterials/MAT_Groups_Visibility.uasset" 142
"../../../Engine/Content/EditorMaterials/PreviewShadowIndicator.uasset" 143
"../../../Engine/Content/EditorMaterials/PreviewShadowIndicatorMaterial.uasset" 144
"../../../Engine/Content/EditorMaterials/MatineeGroups/MAT_ColorTrack.uasset" 145
"../../../Engine/Content/EditorMaterials/MatineeGroups/MAT_Groups_Anim.uasset" 146
"../../../Engine/Content/EditorMaterials/MatineeGroups/MAT_Groups_AudioMaster.uasset" 147
"../../../Engine/Content/EditorMaterials/MatineeGroups/MAT_Groups_Director.uasset" 148
"../../../Engine/Content/EditorMaterials/MatineeGroups/MAT_Groups_Event.uasset" 149
"../../../Engine/Content/EditorMaterials/MatineeGroups/MAT_Groups_Fade.uasset" 150
"../../../Engine/Content/EditorMaterials/MatineeGroups/MAT_Groups_Float.uasset" 151
"../../../Engine/Content/EditorMaterials/MatineeGroups/MAT_Groups_Move.uasset" 152
"../../../Engine/Content/EditorMaterials/MatineeGroups/MAT_Groups_Slomo.uasset" 153
"../../../Engine/Content/EditorMaterials/MatineeGroups/MAT_Groups_Sound.uasset" 154
"../../../Engine/Content/EditorMaterials/MatineeGroups/MAT_Groups_Vector.uasset" 155
"../../../Engine/Content/EditorMaterials/ParticleSystems/PSysThumbnail_NoImage.uasset" 156
"../../../Engine/Content/EditorMaterials/ParticleSystems/PSysThumbnail_OOD.uasset" 157
"../../../Engine/Content/EditorMaterials/Camera/CineMat.uasset" 158
"../../../Engine/Content/EditorMaterials/Camera/MI_CineMat_Rig.uasset" 159
"../../../Engine/Content/EditorMeshes/Camera/SM_CraneRig_Arm.uasset" 160
"../../../Engine/Content/EditorMeshes/Camera/SM_CraneRig_Base.uasset" 161
"../../../Engine/Content/EditorMeshes/Camera/SM_CraneRig_Body.uasset" 162
"../../../Engine/Content/EditorMeshes/Camera/SM_CraneRig_Mount.uasset" 163
"../../../Engine/Content/EditorMeshes/Camera/SM_RailRig_Mount.uasset" 164
"../../../Engine/Content/EditorMeshes/Camera/SM_RailRig_Track.uasset" 165
"../../../Engine/Content/EditorResources/BSPVertex.uasset" 166
"../../../Engine/Content/EditorResources/EmptyActor.uasset" 167
"../../../Engine/Content/EditorResources/S_Actor.uasset" 168
"../../../Engine/Content/EditorResources/S_Note.uasset" 169
"../../../Engine/Content/EditorResources/S_Solver.uasset" 170
"../../../Engine/Content/EditorResources/S_Trigger.uasset" 171
"../../../Engine/Content/EditorResources/AudioIcons/S_AudioComponent.uasset" 172
"../../../Engine/Content/EditorResources/AudioIcons/S_AudioComponent_AutoActivate.uasset" 173
"../../../Engine/Content/EditorResources/LightIcons/S_LightError.uasset" 174
"../../../Engine/Content/EditorResources/SequenceRecorder/Countdown.uasset" 175
"../../../Engine/Content/EditorResources/SequenceRecorder/RecordingIndicator.uasset" 176
"../../../Engine/Content/EditorSounds/Notifications/CompileFailed.uasset" 177
"../../../Engine/Content/EditorSounds/Notifications/CompileFailed_Cue.uasset" 178
"../../../Engine/Content/EditorSounds/Notifications/CompileSuccess.uasset" 179
"../../../Engine/Content/EditorSounds/Notifications/CompileStart_Cue.uasset" 180
"../../../Engine/Content/EditorSounds/Notifications/CompileSuccess_Cue.uasset" 181
"../../../Engine/Content/EngineDamageTypes/DmgTypeBP_Environmental.uasset" 182
"../../../Engine/Content/EngineDebugMaterials/DebugEditorMaterial.uasset" 183
"../../../Engine/Content/EngineDebugMaterials/DebugMeshMaterial.uasset" 184
"../../../Engine/Content/EngineDebugMaterials/M_SimpleTranslucent.uasset" 185
"../../../Engine/Content/Functions/Engine_MaterialFunctions02/Utility/CameraDirectionVector.uasset" 186
"../../../Engine/Content/EngineDebugMaterials/VolumeToRender.uasset" 187
"../../../Engine/Content/EngineDebugMaterials/M_VolumeRenderSphereTracePP.uasset" 188
"../../../Engine/Content/EngineDebugMaterials/WireframeMaterial.uasset" 189
"../../../Engine/Content/EngineFonts/Faces/DroidSansFallback.uasset" 190
"../../../Engine/Content/EngineFonts/Faces/RobotoBold.uasset" 191
"../../../Engine/Content/EngineFonts/Faces/RobotoBoldItalic.uasset" 192
"../../../Engine/Content/EngineFonts/Faces/RobotoItalic.uasset" 193
"../../../Engine/Content/EngineFonts/Faces/RobotoLight.uasset" 194
"../../../Engine/Content/EngineFonts/Faces/RobotoRegular.uasset" 195
"../../../Engine/Content/EngineFonts/Roboto.uasset" 196
"../../../Engine/Content/EngineMaterials/BaseFlattenDiffuseMap.uasset" 197
"../../../Engine/Content/EngineMaterials/BaseFlattenEmissiveMap.uasset" 198
"../../../Engine/Content/EngineMaterials/BaseFlattenGrayscaleMap.uasset" 199
"../../../Engine/Content/EngineMaterials/BaseFlattenNormalMap.uasset" 200
"../../../Engine/Content/EngineMaterials/BaseFlattenMaterial.uasset" 201
"../../../Engine/Content/EngineMaterials/BlueNoise.uasset" 202
"../../../Engine/Content/EngineMaterials/DefaultBloomKernel.uasset" 203
"../../../Engine/Content/EngineMaterials/DefaultBokeh.uasset" 204
"../../../Engine/Content/EngineMaterials/DefaultDiffuse.uasset" 205
"../../../Engine/Content/EngineMaterials/DefaultDeferredDecalMaterial.uasset" 206
"../../../Engine/Content/EngineMaterials/DefaultLightFunctionMaterial.uasset" 207
"../../../Engine/Content/Functions/Engine_MaterialFunctions02/Utility/BreakOutFloat2Components.uasset" 208
"../../../Engine/Content/EngineMaterials/DefaultPostProcessMaterial.uasset" 209
"../../../Engine/Content/EngineFonts/RobotoDistanceField.uasset" 210
"../../../Engine/Content/EngineMaterials/DefaultTextMaterialOpaque.uasset" 211
"../../../Engine/Content/EngineMaterials/DefaultVirtualTextureMaterial.uasset" 212
"../../../Engine/Content/EngineMaterials/DefaultWhiteGrid.uasset" 213
"../../../Engine/Content/EngineMaterials/DefaultWhiteGrid_Low.uasset" 214
"../../../Engine/Content/EngineMaterials/EmissiveMeshMaterial.uasset" 215
"../../../Engine/Content/EngineMaterials/GizmoMaterial.uasset" 216
"../../../Engine/Content/EngineMaterials/Good64x64TilingNoiseHighFreq.uasset" 217
"../../../Engine/Content/EngineMaterials/HairDefaultMaterial.uasset" 218
"../../../Engine/Content/EngineMaterials/MiniFont.uasset" 219
"../../../Engine/Content/EngineMaterials/InvalidLightmapSettings.uasset" 220
"../../../Engine/Content/EngineMaterials/M_InvalidLightmapSettings.uasset" 221
"../../../Engine/Content/Functions/Engine_MaterialFunctions02/WorldPositionOffset/CameraOffset.uasset" 222
"../../../Engine/Content/EngineMaterials/PhAT_JointLimitMaterial.uasset" 223
"../../../Engine/Content/EngineMaterials/PreintegratedSkinBRDF.uasset" 224
"../../../Engine/Content/EngineMaterials/RemoveSurfaceMaterial.uasset" 225
"../../../Engine/Content/EngineMaterials/WeightMapPlaceholderTexture.uasset" 226
"../../../Engine/Content/EngineResources/WhiteSquareTexture.uasset" 227
"../../../Engine/Content/EngineMaterials/Widget3DPassThrough.uasset" 228
"../../../Engine/Content/EngineMaterials/Widget3DPassThrough_Masked.uasset" 229
"../../../Engine/Content/EngineMaterials/Widget3DPassThrough_Opaque.uasset" 230
"../../../Engine/Content/EngineMaterials/Widget3DPassThrough_Masked_OneSided.uasset" 231
"../../../Engine/Content/EngineMaterials/Widget3DPassThrough_Opaque_OneSided.uasset" 232
"../../../Engine/Content/EngineMaterials/Widget3DPassThrough_Translucent.uasset" 233
"../../../Engine/Content/EngineMaterials/Widget3DPassThrough_Translucent_OneSided.uasset" 234
"../../../Engine/Content/EngineMeshes/Cylinder.uasset" 235
"../../../Engine/Content/EngineMeshes/Sphere.uasset" 236
"../../../Engine/Content/EngineResources/Black.uasset" 237
"../../../Engine/Content/EngineResources/DefaultTexture.uasset" 238
"../../../Engine/Content/EngineResources/DefaultTextureCube.uasset" 239
"../../../Engine/Content/EngineResources/DefaultVolumeTexture2D.uasset" 240
"../../../Engine/Content/EngineResources/DefaultVolumeTexture.uasset" 241
"../../../Engine/Content/EngineResources/GradientTexture0.uasset" 242
"../../../Engine/Content/EngineSounds/Master.uasset" 243
"../../../Engine/Content/Functions/Engine_MaterialFunctions01/Shading/ConvertFromDiffSpec.uasset" 244
"../../../Engine/Content/Functions/Engine_MaterialFunctions01/Shading/PowerToRoughness.uasset" 245
"../../../Engine/Content/Maps/Templates/Thumbnails/Default.uasset" 246
"../../../Engine/Content/Maps/Templates/Thumbnails/TimeOfDay.uasset" 247
"../../../Engine/Content/Maps/Templates/Thumbnails/VR-Basic.uasset" 248
"../../../Engine/Content/MobileResources/T_MobileControls_texture.uasset" 249
"../../../Engine/Content/MobileResources/T_MobileMenu2.uasset" 250
"../../../Engine/Content/MobileResources/HUD/AnalogHat.uasset" 251
"../../../Engine/Content/MobileResources/HUD/VirtualJoystick_Background.uasset" 252
"../../../Engine/Content/MobileResources/HUD/VirtualJoystick_Thumb.uasset" 253
"../../../Engine/Content/MobileResources/HUD/DefaultVirtualJoysticks.uasset" 254
"../../../Engine/Content/MobileResources/HUD/LeftVirtualJoystickOnly.uasset" 255
"../../../Engine/Content/MobileResources/HUD/MobileHUDButton1_off.uasset" 256
"../../../Engine/Content/MobileResources/HUD/MobileHUDButton1_on.uasset" 257
"../../../Engine/Content/MobileResources/HUD/MobileHUDButton2_off.uasset" 258
"../../../Engine/Content/MobileResources/HUD/MobileHUDButton2_on.uasset" 259
"../../../Engine/Content/MobileResources/HUD/MobileHUDButton3.uasset" 260
"../../../Engine/Content/MobileResources/HUD/MobileHUDButtonFire.uasset" 261
"../../../Engine/Content/MobileResources/HUD/MobileHUDDirectionPad.uasset" 262
"../../../Engine/Content/MobileResources/HUD/MobileHUDDirectionPad2.uasset" 263
"../../../Engine/Content/MobileResources/HUD/MobileHUDDirectionPad3.uasset" 264
"../../../Engine/Content/MobileResources/HUD/MobileHUDDirectionStick.uasset" 265
"../../../Engine/Content/MobileResources/HUD/T_Castle_ThumbstickInner.uasset" 266
"../../../Engine/Content/MobileResources/HUD/T_Castle_ThumbstickOutter.uasset" 267
"../../../Engine/Content/Tutorial/ContentIntroCurve.uasset" 268
"../../../Engine/Content/Tutorial/Basics/LevelEditorAttract.uasset" 269
"../../../Engine/Content/VREditor/LaserPointer/VR_LaserPower_01.uasset" 270
"../../../Engine/Content/VREditor/TransformGizmo/TransformGizmoMaterial.uasset" 271
"../../../Engine/Content/VREditor/TransformGizmo/TranslucentTransformGizmoMaterial.uasset" 272
"../../../Engine/Content/VREditor/TransformGizmo/BoundingBoxCorner.uasset" 273
"../../../Engine/Content/VREditor/TransformGizmo/BoundingBoxEdge.uasset" 274
"../../../Engine/Content/VREditor/TransformGizmo/PlaneTranslationHandle.uasset" 275
"../../../Engine/Content/VREditor/TransformGizmo/Main.uasset" 276
"../../../Engine/Content/VREditor/TransformGizmo/Xray.uasset" 277
"../../../Engine/Content/VREditor/TransformGizmo/SM_Sequencer_Key.uasset" 278
"../../../Engine/Content/VREditor/TransformGizmo/SM_Sequencer_Node.uasset" 279
"../../Plugins/2D/Paper2D/Content/PlaceholderTextures/DummySpriteTexture.uasset" 280
"../../Plugins/2D/Paper2D/Content/DummySprite.uasset" 281
"../../Plugins/2D/Paper2D/Content/DefaultPaperTerrainMaterial.uasset" 282
"../../Plugins/2D/Paper2D/Content/DummySpriteTexture.uasset" 283
"../../Plugins/2D/Paper2D/Content/DefaultSpriteMaterial.uasset" 284
"../../Plugins/2D/Paper2D/Content/MaskedUnlitSpriteMaterial.uasset" 285
"../../Plugins/2D/Paper2D/Content/OpaqueUnlitSpriteMaterial.uasset" 286
"../../../Engine/Content/Functions/Engine_MaterialFunctions02/Utility/BreakOutFloat4Components.uasset" 287
"../../../Engine/Content/Functions/Engine_MaterialFunctions02/Utility/MakeFloat2.uasset" 288
"../../../Engine/Content/Functions/Engine_MaterialFunctions02/Utility/MakeFloat3.uasset" 289
"../../Plugins/Runtime/Oculus/OculusVR/Content/Materials/OculusMR_ChromaKey.uasset" 290
"../../Plugins/Runtime/Oculus/OculusVR/Content/Materials/OculusMR_ChromaKey_Lit.uasset" 291
"../../Plugins/Runtime/Oculus/OculusVR/Content/Materials/OculusMR_OpaqueColoredMaterial.uasset" 292
"../../Plugins/Runtime/Oculus/OculusVR/Content/Materials/OculusMR_WhiteMaterial.uasset" 293
"../../../../../UE4Panzer/Content/Blueprints/BattlePanzergamemode.uasset" 294
"../../../../../UE4Panzer/Content/StarterContent/Textures/T_Concrete_Tiles_D.uasset" 295
"../../../../../UE4Panzer/Content/StarterContent/Textures/T_Concrete_Tiles_M.uasset" 296
"../../../../../UE4Panzer/Content/StarterContent/Textures/T_Concrete_Tiles_N.uasset" 297
"../../../../../UE4Panzer/Content/StarterContent/Textures/T_Concrete_Tiles_Variation_M.uasset" 298
"../../../../../UE4Panzer/Content/StarterContent/Materials/M_Concrete_Tiles.uasset" 299
"../../../Engine/Content/BasicShapes/Cube.uasset" 300
"../../../../../UE4Panzer/Content/panzer/MagicBox_bp.uasset" 301
"../../../Engine/Content/BasicShapes/BasicShapeMaterial.uasset" 302
"../../../../../UE4Panzer/Content/panzer/Track.uasset" 303
"../../../../../UE4Panzer/Content/StarterContent/Textures/T_ground_Moss_D.uasset" 304
"../../../../../UE4Panzer/Content/StarterContent/Textures/T_Ground_Moss_N.uasset" 305
"../../../../../UE4Panzer/Content/StarterContent/Textures/T_Perlin_Noise_M.uasset" 306
"../../../../../UE4Panzer/Content/StarterContent/Materials/M_Ground_Moss.uasset" 307
"../../../Engine/Content/BasicShapes/Cone.uasset" 308
"../../../Engine/Content/BasicShapes/Cylinder.uasset" 309
"../../../Engine/Content/EngineMaterials/DefaultPhysicalMaterial.uasset" 310
"../../../../../UE4Panzer/Content/StarterContent/Architecture/Wall_500x500.uasset" 311
"../../../../../UE4Panzer/Content/levels/BattleGround.umap" 312
"../../../../../UE4Panzer/Content/UI/worldoftanks-1583975194658-4139.uasset" 313
"../../../../../UE4Panzer/Content/UI/MainMenu_BP.uasset" 314
"../../../../../UE4Panzer/Content/levels/MainMenu.umap" 315
"../../../../../UE4Panzer/Content/levels/NewWorld_BuiltData.uasset" 316
"../../../../../UE4Panzer/Content/levels/NewWorld.umap" 317
"../../../../../UE4Panzer/Content/StarterContent/Blueprints/Assets/FogBrightnessLUT.uasset" 318
"../../../../../UE4Panzer/Content/StarterContent/Blueprints/Assets/SunlightColorLUT.uasset" 319
"../../../../../UE4Panzer/Content/StarterContent/Blueprints/Assets/M_LightStage_Arrows.uasset" 320
"../../../Engine/Content/MapTemplates/Sky/DaylightAmbientCubemap.uasset" 321
"../../../../../UE4Panzer/Content/StarterContent/Blueprints/Assets/M_LightStage_Skybox_Master.uasset" 322
"../../../../../UE4Panzer/Content/StarterContent/Blueprints/Assets/M_LightStage_Skybox_Black.uasset" 323
"../../../../../UE4Panzer/Content/StarterContent/Blueprints/Assets/M_LightStage_Skybox_HDRI.uasset" 324
"../../../Engine/Content/EditorMaterials/Thumbnails/SkySphereMaterial.uasset" 325
"../../../../../UE4Panzer/Content/StarterContent/Blueprints/Assets/Skybox.uasset" 326
"../../../../../UE4Panzer/Content/StarterContent/Blueprints/Assets/SM_Arrows.uasset" 327
"../../../../../UE4Panzer/Content/StarterContent/HDRI/HDRI_Epic_Courtyard_Daylight.uasset" 328
"../../../../../UE4Panzer/Content/StarterContent/Blueprints/BP_LightStudio.uasset" 329
"../../../../../UE4Panzer/Content/StarterContent/Maps/Advanced_Lighting_BuiltData.uasset" 330
"../../../../../UE4Panzer/Content/StarterContent/Materials/M_AssetPlatform.uasset" 331
"../../../Engine/Content/EditorMeshes/ColorCalibrator/M_ChromeBall.uasset" 332
"../../../Engine/Content/EditorMeshes/ColorCalibrator/M_ClearCoat.uasset" 333
"../../../Engine/Content/EditorMeshes/ColorCalibrator/M_ClearCoatBlack.uasset" 334
"../../../Engine/Content/EditorMeshes/ColorCalibrator/Color_checker.uasset" 335
"../../../Engine/Content/EditorMeshes/ColorCalibrator/M_ColorGrid.uasset" 336
"../../../Engine/Content/EditorMeshes/ColorCalibrator/M_GreyBall.uasset" 337
"../../../Engine/Content/EditorMeshes/ColorCalibrator/SM_ColorCalibrator.uasset" 338
"../../../../../UE4Panzer/Content/StarterContent/Architecture/SM_AssetPlatform.uasset" 339
"../../../../../UE4Panzer/Content/StarterContent/Maps/Advanced_Lighting.umap" 340
"../../../../../UE4Panzer/Content/StarterContent/Audio/Fire01_Cue.uasset" 341
"../../../../../UE4Panzer/Content/StarterContent/Textures/T_Fire_SubUV.uasset" 342
"../../../../../UE4Panzer/Content/StarterContent/Textures/T_Fire_Tiled_D.uasset" 343
"../../../../../UE4Panzer/Content/StarterContent/Particles/Materials/M_Fire_SubUV.uasset" 344
"../../../../../UE4Panzer/Content/StarterContent/Textures/T_Water_N.uasset" 345
"../../../../../UE4Panzer/Content/StarterContent/Particles/Materials/M_Heat_Distortion.uasset" 346
"../../../../../UE4Panzer/Content/StarterContent/Particles/Materials/M_Radial_Gradient.uasset" 347
"../../../../../UE4Panzer/Content/StarterContent/Particles/P_Fire.uasset" 348
"../../../../../UE4Panzer/Content/StarterContent/Blueprints/Blueprint_Effect_Fire.uasset" 349
"../../../../../UE4Panzer/Content/StarterContent/Audio/Smoke01_Cue.uasset" 350
"../../../../../UE4Panzer/Content/StarterContent/Particles/P_Smoke.uasset" 351
"../../../../../UE4Panzer/Content/StarterContent/Blueprints/Blueprint_Effect_Smoke.uasset" 352
"../../../../../UE4Panzer/Content/StarterContent/Audio/Fire_Sparks01_Cue.uasset" 353
"../../../../../UE4Panzer/Content/StarterContent/Textures/T_Spark_Core.uasset" 354
"../../../../../UE4Panzer/Content/StarterContent/Particles/Materials/M_Spark.uasset" 355
"../../../../../UE4Panzer/Content/StarterContent/Particles/P_Sparks.uasset" 356
"../../../../../UE4Panzer/Content/StarterContent/Blueprints/Blueprint_Effect_Sparks.uasset" 357
"../../../../../UE4Panzer/Content/StarterContent/Audio/Steam01_Cue.uasset" 358
"../../../../../UE4Panzer/Content/StarterContent/Particles/P_Steam_Lit.uasset" 359
"../../../../../UE4Panzer/Content/StarterContent/Blueprints/Blueprint_Effect_Steam.uasset" 360
"../../../Engine/Content/EngineSky/C_Sky_Cloud_Color.uasset" 361
"../../../Engine/Content/EngineSky/C_Sky_Horizon_Color.uasset" 362
"../../../Engine/Content/EngineSky/C_Sky_Zenith_Color.uasset" 363
"../../../Engine/Content/EngineSky/T_Sky_Blue.uasset" 364
"../../../Engine/Content/EngineSky/T_Sky_Clouds_M.uasset" 365
"../../../Engine/Content/EngineSky/T_Sky_Stars.uasset" 366
"../../../Engine/Content/EngineSky/M_Sky_Panning_Clouds2.uasset" 367
"../../../Engine/Content/EngineSky/SM_SkySphere.uasset" 368
"../../../Engine/Content/EngineSky/BP_Sky_Sphere.uasset" 369
"../../../../../UE4Panzer/Content/StarterContent/Textures/T_Lamp_M.uasset" 370
"../../../../../UE4Panzer/Content/StarterContent/Textures/T_Lamp_N.uasset" 371
"../../../../../UE4Panzer/Content/StarterContent/Props/Materials/M_Lamp.uasset" 372
"../../../../../UE4Panzer/Content/StarterContent/Props/SM_Lamp_Ceiling.uasset" 373
"../../../../../UE4Panzer/Content/StarterContent/Blueprints/Blueprint_CeilingLight.uasset" 374
"../../../../../UE4Panzer/Content/StarterContent/Props/SM_Lamp_Wall.uasset" 375
"../../../../../UE4Panzer/Content/StarterContent/Blueprints/Blueprint_WallSconce.uasset" 376
"../../../../../UE4Panzer/Content/StarterContent/Maps/StarterMap_BuiltData.uasset" 377
"../../../Engine/Content/Functions/Engine_MaterialFunctions03/Procedurals/ComputeFilterWidth.uasset" 378
"../../../Engine/Content/EngineMaterials/AntiAliasedTextMaterialTranslucent.uasset" 379
"../../../../../UE4Panzer/Content/StarterContent/Textures/T_Brick_Clay_Beveled_D.uasset" 380
"../../../../../UE4Panzer/Content/StarterContent/Textures/T_Brick_Clay_Beveled_M.uasset" 381
"../../../../../UE4Panzer/Content/StarterContent/Textures/T_Brick_Clay_Beveled_N.uasset" 382
"../../../../../UE4Panzer/Content/StarterContent/Materials/M_Brick_Clay_Beveled.uasset" 383
"../../../../../UE4Panzer/Content/StarterContent/Textures/T_Brick_Clay_New_D.uasset" 384
"../../../../../UE4Panzer/Content/StarterContent/Textures/T_Brick_Clay_New_M.uasset" 385
"../../../../../UE4Panzer/Content/StarterContent/Textures/T_Brick_Clay_New_N.uasset" 386
"../../../../../UE4Panzer/Content/StarterContent/Materials/M_Brick_Clay_New.uasset" 387
"../../../../../UE4Panzer/Content/StarterContent/Textures/T_Brick_Clay_Old_D.uasset" 388
"../../../../../UE4Panzer/Content/StarterContent/Textures/T_Brick_Clay_Old_N.uasset" 389
"../../../../../UE4Panzer/Content/StarterContent/Materials/M_Brick_Clay_Old.uasset" 390
"../../../../../UE4Panzer/Content/StarterContent/Textures/T_Brick_Cut_Stone_D.uasset" 391
"../../../../../UE4Panzer/Content/StarterContent/Textures/T_Brick_Cut_Stone_N.uasset" 392
"../../../../../UE4Panzer/Content/StarterContent/Materials/M_Brick_Cut_Stone.uasset" 393
"../../../../../UE4Panzer/Content/StarterContent/Textures/T_Brick_Hewn_Stone_D.uasset" 394
"../../../../../UE4Panzer/Content/StarterContent/Textures/T_Brick_Hewn_Stone_M.uasset" 395
"../../../../../UE4Panzer/Content/StarterContent/Textures/T_Brick_Hewn_Stone_N.uasset" 396
"../../../../../UE4Panzer/Content/StarterContent/Materials/M_Brick_Hewn_Stone.uasset" 397
"../../../../../UE4Panzer/Content/StarterContent/Textures/T_Ceramic_Tile_M.uasset" 398
"../../../../../UE4Panzer/Content/StarterContent/Textures/T_Ceramic_Tile_N.uasset" 399
"../../../../../UE4Panzer/Content/StarterContent/Textures/T_Rock_Marble_Polished_D.uasset" 400
"../../../../../UE4Panzer/Content/StarterContent/Materials/M_Ceramic_Tile_Checker.uasset" 401
"../../../../../UE4Panzer/Content/StarterContent/Textures/T_CobbleStone_Pebble_D.uasset" 402
"../../../../../UE4Panzer/Content/StarterContent/Textures/T_CobbleStone_Pebble_M.uasset" 403
"../../../../../UE4Panzer/Content/StarterContent/Textures/T_CobbleStone_Pebble_N.uasset" 404
"../../../../../UE4Panzer/Content/StarterContent/Materials/M_CobbleStone_Pebble.uasset" 405
"../../../../../UE4Panzer/Content/StarterContent/Textures/T_CobbleStone_Rough_D.uasset" 406
"../../../../../UE4Panzer/Content/StarterContent/Textures/T_CobbleStone_Rough_N.uasset" 407
"../../../../../UE4Panzer/Content/StarterContent/Textures/T_Gradinet_01.uasset" 408
"../../../../../UE4Panzer/Content/StarterContent/Textures/T_Rock_Smooth_Granite_D.uasset" 409
"../../../../../UE4Panzer/Content/StarterContent/Materials/M_CobbleStone_Rough.uasset" 410
"../../../../../UE4Panzer/Content/StarterContent/Textures/T_CobbleStone_Smooth_D.uasset" 411
"../../../../../UE4Panzer/Content/StarterContent/Textures/T_CobbleStone_Smooth_M.uasset" 412
"../../../../../UE4Panzer/Content/StarterContent/Textures/T_CobbleStone_Smooth_N.uasset" 413
"../../../../../UE4Panzer/Content/StarterContent/Materials/M_CobbleStone_Smooth.uasset" 414
"../../../../../UE4Panzer/Content/StarterContent/Textures/T_Concrete_Grime_D.uasset" 415
"../../../../../UE4Panzer/Content/StarterContent/Textures/T_Metal_Rust_N.uasset" 416
"../../../../../UE4Panzer/Content/StarterContent/Materials/M_Concrete_Grime.uasset" 417
"../../../../../UE4Panzer/Content/StarterContent/Textures/T_Concrete_Panels_D.uasset" 418
"../../../../../UE4Panzer/Content/StarterContent/Textures/T_Concrete_Panels_N.uasset" 419
"../../../../../UE4Panzer/Content/StarterContent/Materials/M_Concrete_Panels.uasset" 420
"../../../../../UE4Panzer/Content/StarterContent/Textures/T_Concrete_Poured_D.uasset" 421
"../../../../../UE4Panzer/Content/StarterContent/Textures/T_Concrete_Poured_N.uasset" 422
"../../../../../UE4Panzer/Content/StarterContent/Materials/M_Concrete_Poured.uasset" 423
"../../../../../UE4Panzer/Content/StarterContent/Textures/T_Ground_Grass_D.uasset" 424
"../../../../../UE4Panzer/Content/StarterContent/Textures/T_Ground_Grass_N.uasset" 425
"../../../../../UE4Panzer/Content/StarterContent/Materials/M_Ground_Grass.uasset" 426
"../../../../../UE4Panzer/Content/StarterContent/Textures/T_Ground_Gravel_D.uasset" 427
"../../../../../UE4Panzer/Content/StarterContent/Textures/T_Ground_Gravel_N.uasset" 428
"../../../../../UE4Panzer/Content/StarterContent/Materials/M_Ground_Gravel.uasset" 429
"../../../../../UE4Panzer/Content/StarterContent/Materials/M_Metal_Brushed_Nickel.uasset" 430
"../../../../../UE4Panzer/Content/StarterContent/Textures/T_Metal_Aluminum_D.uasset" 431
"../../../../../UE4Panzer/Content/StarterContent/Textures/T_Metal_Gold_N.uasset" 432
"../../../../../UE4Panzer/Content/StarterContent/Materials/M_Metal_Burnished_Steel.uasset" 433
"../../../../../UE4Panzer/Content/StarterContent/Materials/M_Metal_Chrome.uasset" 434
"../../../../../UE4Panzer/Content/StarterContent/Textures/T_Metal_Copper_D.uasset" 435
"../../../../../UE4Panzer/Content/StarterContent/Materials/M_Metal_Copper.uasset" 436
"../../../../../UE4Panzer/Content/StarterContent/Textures/T_Metal_Gold_D.uasset" 437
"../../../../../UE4Panzer/Content/StarterContent/Materials/M_Metal_Gold.uasset" 438
"../../../../../UE4Panzer/Content/StarterContent/Textures/T_Metal_Rust_D.uasset" 439
"../../../../../UE4Panzer/Content/StarterContent/Materials/M_Metal_Rust.uasset" 440
"../../../../../UE4Panzer/Content/StarterContent/Textures/T_Metal_Steel_D.uasset" 441
"../../../../../UE4Panzer/Content/StarterContent/Textures/T_Metal_Steel_N.uasset" 442
"../../../../../UE4Panzer/Content/StarterContent/Materials/M_Metal_Steel.uasset" 443
"../../../../../UE4Panzer/Content/StarterContent/Textures/T_Rock_Basalt_N.uasset" 444
"../../../../../UE4Panzer/Content/StarterContent/Materials/M_Rock_Basalt.uasset" 445
"../../../../../UE4Panzer/Content/StarterContent/Materials/M_Rock_Marble_Polished.uasset" 446
"../../../../../UE4Panzer/Content/StarterContent/Textures/T_Rock_Sandstone_D.uasset" 447
"../../../../../UE4Panzer/Content/StarterContent/Textures/T_Rock_Sandstone_N.uasset" 448
"../../../../../UE4Panzer/Content/StarterContent/Materials/M_Rock_Sandstone.uasset" 449
"../../../../../UE4Panzer/Content/StarterContent/Textures/T_Rock_Slate_D.uasset" 450
"../../../../../UE4Panzer/Content/StarterContent/Textures/T_Rock_Slate_N.uasset" 451
"../../../../../UE4Panzer/Content/StarterContent/Materials/M_Rock_Slate.uasset" 452
"../../../../../UE4Panzer/Content/StarterContent/Textures/T_Checker_Noise_M.uasset" 453
"../../../../../UE4Panzer/Content/StarterContent/Textures/T_Single_Tile_N.uasset" 454
"../../../../../UE4Panzer/Content/StarterContent/Textures/T_Tech_Dot_M.uasset" 455
"../../../../../UE4Panzer/Content/StarterContent/Textures/T_Tech_Dot_N.uasset" 456
"../../../../../UE4Panzer/Content/StarterContent/Materials/M_Tech_Checker_Dot.uasset" 457
"../../../../../UE4Panzer/Content/StarterContent/Materials/M_Tech_Hex_Tile.uasset" 458
"../../../../../UE4Panzer/Content/StarterContent/Textures/T_Tech_Panel_M.uasset" 459
"../../../../../UE4Panzer/Content/StarterContent/Textures/T_Tech_Panel_N.uasset" 460
"../../../../../UE4Panzer/Content/StarterContent/Materials/M_Tech_Panel.uasset" 461
"../../../../../UE4Panzer/Content/StarterContent/Materials/M_Water_Lake.uasset" 462
"../../../../../UE4Panzer/Content/StarterContent/Textures/T_Water_M.uasset" 463
"../../../../../UE4Panzer/Content/StarterContent/Materials/M_Water_Ocean.uasset" 464
"../../../../../UE4Panzer/Content/StarterContent/Textures/T_Wood_Floor_Walnut_D.uasset" 465
"../../../../../UE4Panzer/Content/StarterContent/Textures/T_Wood_Floor_Walnut_M.uasset" 466
"../../../../../UE4Panzer/Content/StarterContent/Textures/T_Wood_Floor_Walnut_N.uasset" 467
"../../../../../UE4Panzer/Content/StarterContent/Materials/M_Wood_Floor_Walnut_Polished.uasset" 468
"../../../Engine/Content/Functions/Engine_MaterialFunctions01/Opacity/AlphaOffset.uasset" 469
"../../../../../UE4Panzer/Content/StarterContent/Materials/M_Wood_Floor_Walnut_Worn.uasset" 470
"../../../../../UE4Panzer/Content/StarterContent/Textures/T_Wood_Oak_D.uasset" 471
"../../../../../UE4Panzer/Content/StarterContent/Textures/T_Wood_Oak_N.uasset" 472
"../../../../../UE4Panzer/Content/StarterContent/Materials/M_Wood_Oak.uasset" 473
"../../../../../UE4Panzer/Content/StarterContent/Textures/T_Wood_Pine_D.uasset" 474
"../../../../../UE4Panzer/Content/StarterContent/Textures/T_Wood_Pine_N.uasset" 475
"../../../../../UE4Panzer/Content/StarterContent/Materials/M_Wood_Pine.uasset" 476
"../../../../../UE4Panzer/Content/StarterContent/Textures/T_Wood_Walnut_D.uasset" 477
"../../../../../UE4Panzer/Content/StarterContent/Textures/T_Wood_Walnut_N.uasset" 478
"../../../../../UE4Panzer/Content/StarterContent/Materials/M_Wood_Walnut.uasset" 479
"../../../../../UE4Panzer/Content/StarterContent/Architecture/Floor_400x400.uasset" 480
"../../../../../UE4Panzer/Content/StarterContent/Architecture/Wall_400x200.uasset" 481
"../../../../../UE4Panzer/Content/StarterContent/Architecture/Wall_Door_400x300.uasset" 482
"../../../../../UE4Panzer/Content/StarterContent/Architecture/Wall_Window_400x300.uasset" 483
"../../../../../UE4Panzer/Content/StarterContent/Audio/Collapse_Cue.uasset" 484
"../../../../../UE4Panzer/Content/StarterContent/Audio/Starter_Background_Cue.uasset" 485
"../../../../../UE4Panzer/Content/StarterContent/Audio/Starter_Music_Cue.uasset" 486
"../../../../../UE4Panzer/Content/StarterContent/Textures/T_Dust_Particle_D.uasset" 487
"../../../../../UE4Panzer/Content/StarterContent/Particles/Materials/M_Dust_Particle.uasset" 488
"../../../../../UE4Panzer/Content/StarterContent/Particles/P_Ambient_Dust.uasset" 489
"../../../../../UE4Panzer/Content/StarterContent/Props/SM_Chair.uasset" 490
"../../../../../UE4Panzer/Content/StarterContent/Props/SM_CornerFrame.uasset" 491
"../../../../../UE4Panzer/Content/StarterContent/Props/SM_DoorFrame.uasset" 492
"../../../../../UE4Panzer/Content/StarterContent/Props/SM_GlassWindow.uasset" 493
"../../../../../UE4Panzer/Content/StarterContent/Props/SM_PillarFrame.uasset" 494
"../../../../../UE4Panzer/Content/StarterContent/Props/SM_PillarFrame300.uasset" 495
"../../../../../UE4Panzer/Content/StarterContent/Textures/T_Statue_M.uasset" 496
"../../../../../UE4Panzer/Content/StarterContent/Textures/T_Statue_N.uasset" 497
"../../../../../UE4Panzer/Content/StarterContent/Props/Materials/M_Statue.uasset" 498
"../../../../../UE4Panzer/Content/StarterContent/Props/Materials/M_StatueGlass.uasset" 499
"../../../../../UE4Panzer/Content/StarterContent/Props/SM_Statue.uasset" 500
"../../../../../UE4Panzer/Content/StarterContent/Textures/T_TableRound_M.uasset" 501
"../../../../../UE4Panzer/Content/StarterContent/Textures/T_TableRound_N.uasset" 502
"../../../../../UE4Panzer/Content/StarterContent/Props/Materials/M_TableRound.uasset" 503
"../../../../../UE4Panzer/Content/StarterContent/Props/SM_TableRound.uasset" 504
"../../../../../UE4Panzer/Content/StarterContent/Props/SM_WindowFrame.uasset" 505
"../../../../../UE4Panzer/Content/StarterContent/Shapes/Shape_Cube.uasset" 506
"../../../../../UE4Panzer/Content/StarterContent/Shapes/Shape_QuadPyramid.uasset" 507
"../../../../../UE4Panzer/Content/StarterContent/Maps/StarterMap.umap" 508
"../../../Engine/Content/Maps/Entry_BuiltData.uasset" 509
"../../../Engine/Content/Maps/Entry.umap" 510
